This is pdfTeX, Version 3.14159265-2.6-1.40.21 (MiKTeX 20.7) (preloaded format=pdflatex 2020.10.10)  12 JAN 2021 18:54
entering extended mode
**./main.tex
(main.tex
LaTeX2e <2020-10-01>
L3 programming layer <2020-09-24> xparse <2020-03-03>
("C:\Program Files\MiKTeX\tex/latex/base\article.cls"
Document Class: article 2020/04/10 v1.4m Standard LaTeX document class
("C:\Program Files\MiKTeX\tex/latex/base\size12.clo"
File: size12.clo 2020/04/10 v1.4m Standard LaTeX file (size option)
)
\c@part=\count175
\c@section=\count176
\c@subsection=\count177
\c@subsubsection=\count178
\c@paragraph=\count179
\c@subparagraph=\count180
\c@figure=\count181
\c@table=\count182
\abovecaptionskip=\skip47
\belowcaptionskip=\skip48
\bibindent=\dimen138
)
("C:\Program Files\MiKTeX\tex/latex/geometry\geometry.sty"
Package: geometry 2020/01/02 v5.9 Page Geometry

("C:\Program Files\MiKTeX\tex/latex/graphics\keyval.sty"
Package: keyval 2014/10/28 v1.15 key=value parser (DPC)
\KV@toks@=\toks15
)
("C:\Program Files\MiKTeX\tex/generic/iftex\ifvtex.sty"
Package: ifvtex 2019/10/25 v1.7 ifvtex legacy package. Use iftex instead.

("C:\Program Files\MiKTeX\tex/generic/iftex\iftex.sty"
Package: iftex 2020/03/06 v1.0d TeX engine tests
))
\Gm@cnth=\count183
\Gm@cntv=\count184
\c@Gm@tempcnt=\count185
\Gm@bindingoffset=\dimen139
\Gm@wd@mp=\dimen140
\Gm@odd@mp=\dimen141
\Gm@even@mp=\dimen142
\Gm@layoutwidth=\dimen143
\Gm@layoutheight=\dimen144
\Gm@layouthoffset=\dimen145
\Gm@layoutvoffset=\dimen146
\Gm@dimlist=\toks16

("C:\Program Files\MiKTeX\tex/latex/geometry\geometry.cfg")) (preamble.tex
("C:\Program Files\MiKTeX\tex/latex/base\inputenc.sty"
Package: inputenc 2020/08/01 v1.3d Input encoding file
\inpenc@prehook=\toks17
\inpenc@posthook=\toks18
)
("C:\Program Files\MiKTeX\tex/generic/babel\babel.sty"
Package: babel 2020/10/03 3.49 The Babel package

("C:\Program Files\MiKTeX\tex/generic/babel\babel.def"
File: babel.def 2020/10/03 3.49 Babel common definitions
\babel@savecnt=\count186
\U@D=\dimen147
\l@babelnohyphens=\language79

("C:\Program Files\MiKTeX\tex/generic/babel\txtbabel.def")
\bbl@readstream=\read2
)
\bbl@dirlevel=\count187

*************************************
* Local config file bblopts.cfg used
*
("C:\Program Files\MiKTeX\tex/latex/arabi\bblopts.cfg"
File: bblopts.cfg 2005/09/08 v0.1 add Arabic and Farsi to "declared" options of
 babel
)
("C:\Program Files\MiKTeX\tex/latex/babel-hungarian\magyar.ldf"
Language: magyar 2019/01/14 v1.5c Magyar (Hungarian) support for babel
Package babel Info: Making ` an active character on input line 2819.
\c@footnote@add=\count188
\c@footnote@ch=\count189
)
("C:\Program Files\MiKTeX\tex/latex/babel-english\english.ldf"
Language: english 2017/06/06 v3.3r English support from the babel system
Package babel Info: \l@canadian = using hyphenrules for english
(babel)             (\language0) on input line 102.
Package babel Info: \l@australian = using hyphenrules for ukenglish
(babel)             (\language73) on input line 105.
Package babel Info: \l@newzealand = using hyphenrules for ukenglish
(babel)             (\language73) on input line 108.
))
("C:\Program Files\MiKTeX\tex/latex/base\fontenc.sty"
Package: fontenc 2020/08/10 v2.0s Standard LaTeX package
)
("C:\Program Files\MiKTeX\tex/latex/amsmath\amsmath.sty"
Package: amsmath 2020/09/23 v2.17i AMS math features
\@mathmargin=\skip49

For additional information on amsmath, use the `?' option.
("C:\Program Files\MiKTeX\tex/latex/amsmath\amstext.sty"
Package: amstext 2000/06/29 v2.01 AMS text

("C:\Program Files\MiKTeX\tex/latex/amsmath\amsgen.sty"
File: amsgen.sty 1999/11/30 v2.0 generic functions
\@emptytoks=\toks19
\ex@=\dimen148
))
("C:\Program Files\MiKTeX\tex/latex/amsmath\amsbsy.sty"
Package: amsbsy 1999/11/29 v1.2d Bold Symbols
\pmbraise@=\dimen149
)
("C:\Program Files\MiKTeX\tex/latex/amsmath\amsopn.sty"
Package: amsopn 2016/03/08 v2.02 operator names
)
\inf@bad=\count190
LaTeX Info: Redefining \frac on input line 234.
\uproot@=\count191
\leftroot@=\count192
LaTeX Info: Redefining \overline on input line 399.
\classnum@=\count193
\DOTSCASE@=\count194
LaTeX Info: Redefining \ldots on input line 496.
LaTeX Info: Redefining \dots on input line 499.
LaTeX Info: Redefining \cdots on input line 620.
\Mathstrutbox@=\box47
\strutbox@=\box48
\big@size=\dimen150
LaTeX Font Info:    Redeclaring font encoding OML on input line 743.
LaTeX Font Info:    Redeclaring font encoding OMS on input line 744.
\macc@depth=\count195
\c@MaxMatrixCols=\count196
\dotsspace@=\muskip16
\c@parentequation=\count197
\dspbrk@lvl=\count198
\tag@help=\toks20
\row@=\count199
\column@=\count266
\maxfields@=\count267
\andhelp@=\toks21
\eqnshift@=\dimen151
\alignsep@=\dimen152
\tagshift@=\dimen153
\tagwidth@=\dimen154
\totwidth@=\dimen155
\lineht@=\dimen156
\@envbody=\toks22
\multlinegap=\skip50
\multlinetaggap=\skip51
\mathdisplay@stack=\toks23
LaTeX Info: Redefining \[ on input line 2923.
LaTeX Info: Redefining \] on input line 2924.
)
("C:\Program Files\MiKTeX\tex/latex/amsfonts\amssymb.sty"
Package: amssymb 2013/01/14 v3.01 AMS font symbols

("C:\Program Files\MiKTeX\tex/latex/amsfonts\amsfonts.sty"
Package: amsfonts 2013/01/14 v3.01 Basic AMSFonts support
\symAMSa=\mathgroup4
\symAMSb=\mathgroup5
LaTeX Font Info:    Redeclaring math symbol \hbar on input line 98.
LaTeX Font Info:    Overwriting math alphabet `\mathfrak' in version `bold'
(Font)                  U/euf/m/n --> U/euf/b/n on input line 106.
))
("C:\Program Files\MiKTeX\tex/latex/jknappen\mathrsfs.sty"
Package: mathrsfs 1996/01/01 Math RSFS package v1.0 (jk)
\symrsfs=\mathgroup6
)
("C:\Program Files\MiKTeX\tex/latex/mathtools\mathtools.sty"
Package: mathtools 2020/03/24 v1.24 mathematical typesetting tools

("C:\Program Files\MiKTeX\tex/latex/tools\calc.sty"
Package: calc 2017/05/25 v4.3 Infix arithmetic (KKT,FJ)
\calc@Acount=\count268
\calc@Bcount=\count269
\calc@Adimen=\dimen157
\calc@Bdimen=\dimen158
\calc@Askip=\skip52
\calc@Bskip=\skip53
LaTeX Info: Redefining \setlength on input line 80.
LaTeX Info: Redefining \addtolength on input line 81.
\calc@Ccount=\count270
\calc@Cskip=\skip54
)
("C:\Program Files\MiKTeX\tex/latex/mathtools\mhsetup.sty"
Package: mhsetup 2017/03/31 v1.3 programming setup (MH)
)
LaTeX Info: Thecontrolsequence`\('isalreadyrobust on input line 130.
LaTeX Info: Thecontrolsequence`\)'isalreadyrobust on input line 130.
LaTeX Info: Thecontrolsequence`\['isalreadyrobust on input line 130.
LaTeX Info: Thecontrolsequence`\]'isalreadyrobust on input line 130.
\g_MT_multlinerow_int=\count271
\l_MT_multwidth_dim=\dimen159
\origjot=\skip55
\l_MT_shortvdotswithinadjustabove_dim=\dimen160
\l_MT_shortvdotswithinadjustbelow_dim=\dimen161
\l_MT_above_intertext_sep=\dimen162
\l_MT_below_intertext_sep=\dimen163
\l_MT_above_shortintertext_sep=\dimen164
\l_MT_below_shortintertext_sep=\dimen165
\xmathstrut@box=\box49
\xmathstrut@dim=\dimen166
)
("C:\Program Files\MiKTeX\tex/latex/cancel\cancel.sty"
Package: cancel 2013/04/12 v2.2 Cancel math terms
)
("C:\Program Files\MiKTeX\tex/latex/braket\braket.sty")
("C:\Program Files\MiKTeX\tex/latex/csquotes\csquotes.sty"
Package: csquotes 2019-12-06 v5.2j context-sensitive quotations (JAW)

("C:\Program Files\MiKTeX\tex/latex/etoolbox\etoolbox.sty"
Package: etoolbox 2020/08/24 v2.5j e-TeX tools for LaTeX (JAW)
\etb@tempcnta=\count272
)
\csq@reset=\count273
\csq@gtype=\count274
\csq@glevel=\count275
\csq@qlevel=\count276
\csq@maxlvl=\count277
\csq@tshold=\count278
\csq@ltx@everypar=\toks24

("C:\Program Files\MiKTeX\tex/latex/csquotes\csquotes.def"
File: csquotes.def 2019-12-06 v5.2j csquotes generic definitions (JAW)
)
Package csquotes Info: Trying to load configuration file 'csquotes.cfg'...
Package csquotes Info: ... configuration file loaded successfully.

("C:\Program Files\MiKTeX\tex/latex/csquotes\csquotes.cfg"
File: csquotes.cfg 
)
Package csquotes Info: Disabling multilingual quotes.
)
("C:\Program Files\MiKTeX\tex/latex/titlesec\titlesec.sty"
Package: titlesec 2019/10/16 v2.13 Sectioning titles
\ttl@box=\box50
\beforetitleunit=\skip56
\aftertitleunit=\skip57
\ttl@plus=\dimen167
\ttl@minus=\dimen168
\ttl@toksa=\toks25
\titlewidth=\dimen169
\titlewidthlast=\dimen170
\titlewidthfirst=\dimen171
)
("C:\Program Files\MiKTeX\tex/latex/tools\indentfirst.sty"
Package: indentfirst 1995/11/23 v1.03 Indent first paragraph (DPC)
)
("C:\Program Files\MiKTeX\tex/latex/graphics\graphicx.sty"
Package: graphicx 2020/09/09 v1.2b Enhanced LaTeX Graphics (DPC,SPQR)

("C:\Program Files\MiKTeX\tex/latex/graphics\graphics.sty"
Package: graphics 2020/08/30 v1.4c Standard LaTeX Graphics (DPC,SPQR)

("C:\Program Files\MiKTeX\tex/latex/graphics\trig.sty"
Package: trig 2016/01/03 v1.10 sin cos tan (DPC)
)
("C:\Program Files\MiKTeX\tex/latex/graphics-cfg\graphics.cfg"
File: graphics.cfg 2016/06/04 v1.11 sample graphics configuration
)
Package graphics Info: Driver file: pdftex.def on input line 105.

("C:\Program Files\MiKTeX\tex/latex/graphics-def\pdftex.def"
File: pdftex.def 2020/08/26 v1.2 Graphics/color driver for pdftex
))
\Gin@req@height=\dimen172
\Gin@req@width=\dimen173
)
("C:\Program Files\MiKTeX\tex/latex/caption\caption.sty"
Package: caption 2020/09/12 v3.5b Customizing captions (AR)

("C:\Program Files\MiKTeX\tex/latex/caption\caption3.sty"
Package: caption3 2020/09/17 v2.1b caption3 kernel (AR)
\captionmargin=\dimen174
\captionmargin@=\dimen175
\captionwidth=\dimen176
\caption@tempdima=\dimen177
\caption@indent=\dimen178
\caption@parindent=\dimen179
\caption@hangindent=\dimen180
Package caption Info: Standard document class detected.
Package caption Info: hungarian babel package is loaded.
)
\c@caption@flags=\count279
\c@continuedfloat=\count280
Package caption Info: hungarian babel package is loaded.
)
("C:\Program Files\MiKTeX\tex/latex/caption\subcaption.sty"
Package: subcaption 2020/08/23 v1.3g Sub-captions (AR)
\c@subfigure=\count281
\c@subtable=\count282
)
("C:\Program Files\MiKTeX\tex/latex/enumitem\enumitem.sty"
Package: enumitem 2019/06/20 v3.9 Customized lists
\labelindent=\skip58
\enit@outerparindent=\dimen181
\enit@toks=\toks26
\enit@inbox=\box51
\enit@count@id=\count283
\enitdp@description=\count284
)
("C:\Program Files\MiKTeX\tex/latex/hyperref\hyperref.sty"
Package: hyperref 2020-05-15 v7.00e Hypertext links for LaTeX

("C:\Program Files\MiKTeX\tex/generic/ltxcmds\ltxcmds.sty"
Package: ltxcmds 2020-05-10 v1.25 LaTeX kernel commands for general use (HO)
)
("C:\Program Files\MiKTeX\tex/generic/pdftexcmds\pdftexcmds.sty"
Package: pdftexcmds 2020-06-27 v0.33 Utility functions of pdfTeX for LuaTeX (HO
)

("C:\Program Files\MiKTeX\tex/generic/infwarerr\infwarerr.sty"
Package: infwarerr 2019/12/03 v1.5 Providing info/warning/error messages (HO)
)
Package pdftexcmds Info: \pdf@primitive is available.
Package pdftexcmds Info: \pdf@ifprimitive is available.
Package pdftexcmds Info: \pdfdraftmode found.
)
("C:\Program Files\MiKTeX\tex/generic/kvsetkeys\kvsetkeys.sty"
Package: kvsetkeys 2019/12/15 v1.18 Key value parser (HO)
)
("C:\Program Files\MiKTeX\tex/generic/kvdefinekeys\kvdefinekeys.sty"
Package: kvdefinekeys 2019-12-19 v1.6 Define keys (HO)
)
("C:\Program Files\MiKTeX\tex/generic/pdfescape\pdfescape.sty"
Package: pdfescape 2019/12/09 v1.15 Implements pdfTeX's escape features (HO)
)
("C:\Program Files\MiKTeX\tex/latex/hycolor\hycolor.sty"
Package: hycolor 2020-01-27 v1.10 Color options for hyperref/bookmark (HO)
)
("C:\Program Files\MiKTeX\tex/latex/letltxmacro\letltxmacro.sty"
Package: letltxmacro 2019/12/03 v1.6 Let assignment for LaTeX macros (HO)
)
("C:\Program Files\MiKTeX\tex/latex/auxhook\auxhook.sty"
Package: auxhook 2019-12-17 v1.6 Hooks for auxiliary files (HO)
)
("C:\Program Files\MiKTeX\tex/latex/kvoptions\kvoptions.sty"
Package: kvoptions 2019/11/29 v3.13 Key value format for package options (HO)
)
\@linkdim=\dimen182
\Hy@linkcounter=\count285
\Hy@pagecounter=\count286

("C:\Program Files\MiKTeX\tex/latex/hyperref\pd1enc.def"
File: pd1enc.def 2020-05-15 v7.00e Hyperref: PDFDocEncoding definition (HO)
Now handling font encoding PD1 ...
... no UTF-8 mapping file for font encoding PD1
)
("C:\Program Files\MiKTeX\tex/generic/intcalc\intcalc.sty"
Package: intcalc 2019/12/15 v1.3 Expandable calculations with integers (HO)
)
("C:\Program Files\MiKTeX\tex/generic/etexcmds\etexcmds.sty"
Package: etexcmds 2019/12/15 v1.7 Avoid name clashes with e-TeX commands (HO)
)
\Hy@SavedSpaceFactor=\count287
Package hyperref Info: Option `unicode' set `true' on input line 4338.

("C:\Program Files\MiKTeX\tex/latex/hyperref\puenc.def"
File: puenc.def 2020-05-15 v7.00e Hyperref: PDF Unicode definition (HO)
Now handling font encoding PU ...
... no UTF-8 mapping file for font encoding PU
)
Package hyperref Info: Hyper figures OFF on input line 4464.
Package hyperref Info: Link nesting OFF on input line 4469.
Package hyperref Info: Hyper index ON on input line 4472.
Package hyperref Info: Plain pages OFF on input line 4479.
Package hyperref Info: Backreferencing OFF on input line 4484.
Package hyperref Info: Implicit mode ON; LaTeX internals redefined.
Package hyperref Info: Bookmarks ON on input line 4717.
\c@Hy@tempcnt=\count288

("C:\Program Files\MiKTeX\tex/latex/url\url.sty"
\Urlmuskip=\muskip17
Package: url 2013/09/16  ver 3.4  Verb mode for urls, etc.
)
LaTeX Info: Redefining \url on input line 5076.
\XeTeXLinkMargin=\dimen183

("C:\Program Files\MiKTeX\tex/generic/bitset\bitset.sty"
Package: bitset 2019/12/09 v1.3 Handle bit-vector datatype (HO)

("C:\Program Files\MiKTeX\tex/generic/bigintcalc\bigintcalc.sty"
Package: bigintcalc 2019/12/15 v1.5 Expandable calculations on big integers (HO
)
))
\Fld@menulength=\count289
\Field@Width=\dimen184
\Fld@charsize=\dimen185
Package hyperref Info: Hyper figures OFF on input line 6347.
Package hyperref Info: Link nesting OFF on input line 6352.
Package hyperref Info: Hyper index ON on input line 6355.
Package hyperref Info: backreferencing OFF on input line 6362.
Package hyperref Info: Link coloring OFF on input line 6367.
Package hyperref Info: Link coloring with OCG OFF on input line 6372.
Package hyperref Info: PDF/A mode OFF on input line 6377.
LaTeX Info: Redefining \ref on input line 6417.
LaTeX Info: Redefining \pageref on input line 6421.

("C:\Program Files\MiKTeX\tex/latex/base\atbegshi-ltx.sty"
Package: atbegshi-ltx 2020/08/17 v1.0a Emulation of the original atbegshi packa
ge
with kernel methods
)
\Hy@abspage=\count290
\c@Item=\count291
\c@Hfootnote=\count292
)
Package hyperref Info: Driver (autodetected): hpdftex.

("C:\Program Files\MiKTeX\tex/latex/hyperref\hpdftex.def"
File: hpdftex.def 2020-05-15 v7.00e Hyperref driver for pdfTeX

("C:\Program Files\MiKTeX\tex/latex/base\atveryend-ltx.sty"
Package: atveryend-ltx 2020/08/19 v1.0a Emulation of the original atvery packag
e
with kernel methods
)
\Fld@listcount=\count293
\c@bookmark@seq@number=\count294

("C:\Program Files\MiKTeX\tex/latex/rerunfilecheck\rerunfilecheck.sty"
Package: rerunfilecheck 2019/12/05 v1.9 Rerun checks for auxiliary files (HO)

("C:\Program Files\MiKTeX\tex/generic/uniquecounter\uniquecounter.sty"
Package: uniquecounter 2019/12/15 v1.4 Provide unlimited unique counter (HO)
)
Package uniquecounter Info: New unique counter `rerunfilecheck' on input line 2
86.
)
\Hy@SectionHShift=\skip59
)
Package hyperref Info: Option `colorlinks' set `true' on input line 82.

("C:\Program Files\MiKTeX\tex/latex/biblatex\biblatex.sty"
Package: biblatex 2020/08/23 v3.15a programmable bibliographies (PK/MW)

("C:\Program Files\MiKTeX\tex/latex/logreq\logreq.sty"
Package: logreq 2010/08/04 v1.0 xml request logger
\lrq@indent=\count295

("C:\Program Files\MiKTeX\tex/latex/logreq\logreq.def"
File: logreq.def 2010/08/04 v1.0 logreq spec v1.0
))
("C:\Program Files\MiKTeX\tex/latex/base\ifthen.sty"
Package: ifthen 2014/09/29 v1.1c Standard LaTeX ifthen package (DPC)
)
\c@tabx@nest=\count296
\c@listtotal=\count297
\c@listcount=\count298
\c@liststart=\count299
\c@liststop=\count300
\c@citecount=\count301
\c@citetotal=\count302
\c@multicitecount=\count303
\c@multicitetotal=\count304
\c@instcount=\count305
\c@maxnames=\count306
\c@minnames=\count307
\c@maxitems=\count308
\c@minitems=\count309
\c@citecounter=\count310
\c@maxcitecounter=\count311
\c@savedcitecounter=\count312
\c@uniquelist=\count313
\c@uniquename=\count314
\c@refsection=\count315
\c@refsegment=\count316
\c@maxextratitle=\count317
\c@maxextratitleyear=\count318
\c@maxextraname=\count319
\c@maxextradate=\count320
\c@maxextraalpha=\count321
\c@abbrvpenalty=\count322
\c@highnamepenalty=\count323
\c@lownamepenalty=\count324
\c@maxparens=\count325
\c@parenlevel=\count326
\blx@tempcnta=\count327
\blx@tempcntb=\count328
\blx@tempcntc=\count329
\blx@maxsection=\count330
\blx@maxsegment@0=\count331
\blx@notetype=\count332
\blx@parenlevel@text=\count333
\blx@parenlevel@foot=\count334
\blx@sectionciteorder@0=\count335
\blx@entrysetcounter=\count336
\blx@biblioinstance=\count337
\labelnumberwidth=\skip60
\labelalphawidth=\skip61
\biblabelsep=\skip62
\bibitemsep=\skip63
\bibnamesep=\skip64
\bibinitsep=\skip65
\bibparsep=\skip66
\bibhang=\skip67
\blx@bcfin=\read3
\blx@bcfout=\write3
\blx@langwohyphens=\language80
\c@mincomprange=\count338
\c@maxcomprange=\count339
\c@mincompwidth=\count340
Package biblatex Info: Trying to load biblatex default data model...
Package biblatex Info: ... file 'blx-dm.def' found.

("C:\Program Files\MiKTeX\tex/latex/biblatex\blx-dm.def"
File: blx-dm.def 2020/08/23 v3.15a biblatex localization (PK/MW)
)
Package biblatex Info: Trying to load biblatex citestyle data model...
Package biblatex Info: ... file 'authoryear.dbx' not found.
Package biblatex Info: Trying to load biblatex bibstyle data model...
Package biblatex Info: ... file 'numeric.dbx' not found.
Package biblatex Info: Trying to load biblatex custom data model...
Package biblatex Info: ... file 'biblatex-dm.cfg' not found.
\c@afterword=\count341
\c@savedafterword=\count342
\c@annotator=\count343
\c@savedannotator=\count344
\c@author=\count345
\c@savedauthor=\count346
\c@bookauthor=\count347
\c@savedbookauthor=\count348
\c@commentator=\count349
\c@savedcommentator=\count350
\c@editor=\count351
\c@savededitor=\count352
\c@editora=\count353
\c@savededitora=\count354
\c@editorb=\count355
\c@savededitorb=\count356
\c@editorc=\count357
\c@savededitorc=\count358
\c@foreword=\count359
\c@savedforeword=\count360
\c@holder=\count361
\c@savedholder=\count362
\c@introduction=\count363
\c@savedintroduction=\count364
\c@namea=\count365
\c@savednamea=\count366
\c@nameb=\count367
\c@savednameb=\count368
\c@namec=\count369
\c@savednamec=\count370
\c@translator=\count371
\c@savedtranslator=\count372
\c@shortauthor=\count373
\c@savedshortauthor=\count374
\c@shorteditor=\count375
\c@savedshorteditor=\count376
\c@labelname=\count377
\c@savedlabelname=\count378
\c@institution=\count379
\c@savedinstitution=\count380
\c@lista=\count381
\c@savedlista=\count382
\c@listb=\count383
\c@savedlistb=\count384
\c@listc=\count385
\c@savedlistc=\count386
\c@listd=\count387
\c@savedlistd=\count388
\c@liste=\count389
\c@savedliste=\count390
\c@listf=\count391
\c@savedlistf=\count392
\c@location=\count393
\c@savedlocation=\count394
\c@organization=\count395
\c@savedorganization=\count396
\c@origlocation=\count397
\c@savedoriglocation=\count398
\c@origpublisher=\count399
\c@savedorigpublisher=\count400
\c@publisher=\count401
\c@savedpublisher=\count402
\c@language=\count403
\c@savedlanguage=\count404
\c@origlanguage=\count405
\c@savedoriglanguage=\count406
\c@pageref=\count407
\c@savedpageref=\count408
\shorthandwidth=\skip68
\shortjournalwidth=\skip69
\shortserieswidth=\skip70
\shorttitlewidth=\skip71
\shortauthorwidth=\skip72
\shorteditorwidth=\skip73
\locallabelnumberwidth=\skip74
\locallabelalphawidth=\skip75
\localshorthandwidth=\skip76
\localshortjournalwidth=\skip77
\localshortserieswidth=\skip78
\localshorttitlewidth=\skip79
\localshortauthorwidth=\skip80
\localshorteditorwidth=\skip81
Package biblatex Info: Trying to load compatibility code...
Package biblatex Info: ... file 'blx-compat.def' found.

("C:\Program Files\MiKTeX\tex/latex/biblatex\blx-compat.def"
File: blx-compat.def 2020/08/23 v3.15a biblatex compatibility (PK/MW)
)
("C:\Program Files\MiKTeX\tex/latex/l3kernel\expl3.sty"
Package: expl3 2020-09-24 L3 programming layer (loader) 

("C:\Program Files\MiKTeX\tex/latex/l3backend\l3backend-pdftex.def"
File: l3backend-pdftex.def 2020-09-24 L3 backend support: PDF output (pdfTeX)
\l__kernel_color_stack_int=\count409
\l__pdf_internal_box=\box52
))
Package biblatex Info: expl3
(biblatex)             2020-09-24 L3 programming layer (loader) 
(biblatex)             is new enough (at least 2020/04/06),
(biblatex)             setting 'casechanger=expl3'.
Package biblatex Info: Trying to load expl3 case changing code...
Package biblatex Info: ... file 'blx-case-expl3.def' found.

("C:\Program Files\MiKTeX\tex/latex/biblatex\blx-case-expl3.def"
("C:\Program Files\MiKTeX\tex/latex/l3packages/xparse\xparse.sty"
Package: xparse 2020-05-15 L3 Experimental document command parser

("C:\Program Files\MiKTeX\tex/latex/l3packages/xparse\xparse-generic.tex"))
File: blx-case-expl3 2020/08/23 v3.15a expl3 case changing code for biblatex
)
Package biblatex Info: Trying to load BibTeX backend compatibility...
Package biblatex Info: ... file 'blx-bibtex.def' found.

("C:\Program Files\MiKTeX\tex/latex/biblatex\blx-bibtex.def"
File: blx-bibtex.def 2020/08/23 v3.15a biblatex compatibility (PK/MW)


Package biblatex Warning: Using fall-back BibTeX(8) backend:
(biblatex)                functionality may be reduced/unavailable.

)
Package biblatex Info: Trying to load generic definitions...
Package biblatex Info: ... file 'biblatex.def' found.
 ("C:\Program Files\MiKTeX\tex/latex/biblatex\biblatex.def"
File: biblatex.def 2020/08/23 v3.15a biblatex compatibility (PK/MW)
\c@textcitecount=\count410
\c@textcitetotal=\count411
\c@textcitemaxnames=\count412
\c@biburlbigbreakpenalty=\count413
\c@biburlbreakpenalty=\count414
\c@biburlnumpenalty=\count415
\c@biburlucpenalty=\count416
\c@biburllcpenalty=\count417
\biburlbigskip=\muskip18
\biburlnumskip=\muskip19
\biburlucskip=\muskip20
\biburllcskip=\muskip21
\c@smartand=\count418
)
Package biblatex Info: Trying to load natbib compatibility...
Package biblatex Info: ... file 'blx-natbib.def' found.

("C:\Program Files\MiKTeX\tex/latex/biblatex\blx-natbib.def"
File: blx-natbib.def 2020/08/23 v3.15a biblatex compatibility (PK/MW)
Package biblatex Info: Delimiter 'nameyeardelim' in context '' already defined,
 overwriting.
)
Package biblatex Info: Trying to load bibliography style 'numeric'...
Package biblatex Info: ... file 'numeric.bbx' found.

("C:\Program Files\MiKTeX\tex/latex/biblatex/bbx\numeric.bbx"
File: numeric.bbx 2020/08/23 v3.15a biblatex bibliography style (PK/MW)
Package biblatex Info: Trying to load bibliography style 'standard'...
Package biblatex Info: ... file 'standard.bbx' found.

("C:\Program Files\MiKTeX\tex/latex/biblatex/bbx\standard.bbx"
File: standard.bbx 2020/08/23 v3.15a biblatex bibliography style (PK/MW)
\c@bbx:relatedcount=\count419
\c@bbx:relatedtotal=\count420
))
Package biblatex Info: Trying to load citation style 'authoryear'...
Package biblatex Info: ... file 'authoryear.cbx' found.

("C:\Program Files\MiKTeX\tex/latex/biblatex/cbx\authoryear.cbx"
File: authoryear.cbx 2020/08/23 v3.15a biblatex citation style (PK/MW)
Package biblatex Info: Redefining '\cite'.
Package biblatex Info: Redefining '\parencite'.
Package biblatex Info: Redefining '\footcite'.
Package biblatex Info: Redefining '\footcitetext'.
Package biblatex Info: Redefining '\smartcite'.
Package biblatex Info: Redefining '\textcite'.
Package biblatex Info: Redefining '\textcites'.
)
Package biblatex Info: Trying to load configuration file...
Package biblatex Info: ... file 'biblatex.cfg' found.

("C:\Program Files\MiKTeX\tex/latex/biblatex\biblatex.cfg"
File: biblatex.cfg 
))
Package biblatex Info: Redefining '\cite' on input line 96.
Package biblatex Info: Redefining '\parencite' on input line 110.
Package biblatex Info: Redefining '\footcite' on input line 124.
Package biblatex Info: Redefining '\footcitetext' on input line 131.
Package biblatex Info: Redefining '\textcite' on input line 138.
) (main.aux)
\openout1 = `main.aux'.

LaTeX Font Info:    Checking defaults for OML/cmm/m/it on input line 14.
LaTeX Font Info:    ... okay on input line 14.
LaTeX Font Info:    Checking defaults for OMS/cmsy/m/n on input line 14.
LaTeX Font Info:    ... okay on input line 14.
LaTeX Font Info:    Checking defaults for OT1/cmr/m/n on input line 14.
LaTeX Font Info:    ... okay on input line 14.
LaTeX Font Info:    Checking defaults for T1/cmr/m/n on input line 14.
LaTeX Font Info:    ... okay on input line 14.
LaTeX Font Info:    Checking defaults for TS1/cmr/m/n on input line 14.
LaTeX Font Info:    ... okay on input line 14.
LaTeX Font Info:    Checking defaults for OMX/cmex/m/n on input line 14.
LaTeX Font Info:    ... okay on input line 14.
LaTeX Font Info:    Checking defaults for U/cmr/m/n on input line 14.
LaTeX Font Info:    ... okay on input line 14.
LaTeX Font Info:    Checking defaults for PD1/pdf/m/n on input line 14.
LaTeX Font Info:    ... okay on input line 14.
LaTeX Font Info:    Checking defaults for PU/pdf/m/n on input line 14.
LaTeX Font Info:    ... okay on input line 14.

*geometry* driver: auto-detecting
*geometry* detected driver: pdftex
*geometry* verbose mode - [ preamble ] result:
* driver: pdftex
* paper: a4paper
* layout: <same size as paper>
* layoutoffset:(h,v)=(0.0pt,0.0pt)
* modes: 
* h-part:(L,W,R)=(57.81621pt, 481.87546pt, 57.81621pt)
* v-part:(T,H,B)=(57.81621pt, 729.41443pt, 57.81621pt)
* \paperwidth=597.50787pt
* \paperheight=845.04684pt
* \textwidth=481.87546pt
* \textheight=729.41443pt
* \oddsidemargin=-14.45378pt
* \evensidemargin=-14.45378pt
* \topmargin=-51.45378pt
* \headheight=12.0pt
* \headsep=25.0pt
* \topskip=12.0pt
* \footskip=30.0pt
* \marginparwidth=35.0pt
* \marginparsep=10.0pt
* \columnsep=10.0pt
* \skip\footins=10.8pt plus 4.0pt minus 2.0pt
* \hoffset=0.0pt
* \voffset=0.0pt
* \mag=1000
* \@twocolumnfalse
* \@twosidefalse
* \@mparswitchfalse
* \@reversemarginfalse
* (1in=72.27pt=25.4mm, 1cm=28.453pt)

("C:\Program Files\MiKTeX\tex/context/base/mkii\supp-pdf.mkii"
[Loading MPS to PDF converter (version 2006.09.02).]
\scratchcounter=\count421
\scratchdimen=\dimen186
\scratchbox=\box53
\nofMPsegments=\count422
\nofMParguments=\count423
\everyMPshowfont=\toks27
\MPscratchCnt=\count424
\MPscratchDim=\dimen187
\MPnumerator=\count425
\makeMPintoPDFobject=\count426
\everyMPtoPDFconversion=\toks28
) ("C:\Program Files\MiKTeX\tex/latex/epstopdf-pkg\epstopdf-base.sty"
Package: epstopdf-base 2020-01-24 v2.11 Base part for package epstopdf
Package epstopdf-base Info: Redefining graphics rule for `.eps' on input line 4
85.
)
Package caption Info: Begin \AtBeginDocument code.
Package caption Info: hyperref package is loaded.
Package caption Info: End \AtBeginDocument code.

("C:\Program Files\MiKTeX\tex/latex/graphics\color.sty"
Package: color 2020/02/24 v1.2b Standard LaTeX Color (DPC)

("C:\Program Files\MiKTeX\tex/latex/graphics-cfg\color.cfg"
File: color.cfg 2016/01/02 v1.6 sample color configuration
)
Package color Info: Driver file: pdftex.def on input line 147.
)
Package hyperref Info: Link coloring ON on input line 14.

("C:\Program Files\MiKTeX\tex/latex/hyperref\nameref.sty"
Package: nameref 2019/09/16 v2.46 Cross-referencing by name of section

("C:\Program Files\MiKTeX\tex/latex/refcount\refcount.sty"
Package: refcount 2019/12/15 v3.6 Data extraction from label references (HO)
)
("C:\Program Files\MiKTeX\tex/generic/gettitlestring\gettitlestring.sty"
Package: gettitlestring 2019/12/15 v1.6 Cleanup title references (HO)
)
\c@section@level=\count427
)
LaTeX Info: Redefining \ref on input line 14.
LaTeX Info: Redefining \pageref on input line 14.
LaTeX Info: Redefining \nameref on input line 14.

(main.out) (main.out)
\@outlinefile=\write4
\openout4 = `main.out'.

Package biblatex Info: Trying to load language 'english'...
Package biblatex Info: ... file 'english.lbx' found.

("C:\Program Files\MiKTeX\tex/latex/biblatex/lbx\english.lbx"
File: english.lbx 2020/08/23 v3.15a biblatex localization (PK/MW)
)
Package biblatex Info: Trying to load language 'magyar'...
Package biblatex Info: ... file 'magyar.lbx' found.

("C:\Program Files\MiKTeX\tex/latex/biblatex/lbx\magyar.lbx"
File: magyar.lbx 2020/08/23 v3.15a biblatex localization (PK/MW)


Package biblatex Warning: Hungarian localisation module for biblatex loaded.
(biblatex)                This module changes more definitions than usual.
(biblatex)                Please refer to the documentation for hints and
(biblatex)                check the output carefully, especially with non-
(biblatex)                standard styles or customisations to field formats.
(biblatex)                This warning can be disabled by calling
(biblatex)                '\BiblatexHungarianWarningOff'
(biblatex)                after 'biblatex' has been loaded, but before
(biblatex)                the localisation is loaded for the first time.

)
Package biblatex Info: Input encoding 'utf8' detected.
Package biblatex Info: Automatic encoding selection.
(biblatex)             Assuming data encoding 'utf8'.
Package biblatex Info: Input encoding 'utf8' specified.
Package biblatex Info: Data encoding 'utf8' specified.
(biblatex)             No need to reencode data.
\openout3 = `main-blx.bib'.

Package biblatex Info: Trying to load bibliographic data...
Package biblatex Info: ... file 'main.bbl' not found.

No file main.bbl.
Package biblatex Info: Reference section=0 on input line 14.
Package biblatex Info: Reference segment=0 on input line 14.
("C:\Program Files\MiKTeX\tex/latex/base\article.cls"
LaTeX Info: Redefining \cal on input line 497.
LaTeX Info: Redefining \mit on input line 498.
)
LaTeX Font Info:    Trying to load font information for U+msa on input line 17.


("C:\Program Files\MiKTeX\tex/latex/amsfonts\umsa.fd"
File: umsa.fd 2013/01/14 v3.01 AMS symbols A
)
LaTeX Font Info:    Trying to load font information for U+msb on input line 17.


("C:\Program Files\MiKTeX\tex/latex/amsfonts\umsb.fd"
File: umsb.fd 2013/01/14 v3.01 AMS symbols B
)
LaTeX Font Info:    Trying to load font information for U+rsfs on input line 17
.

("C:\Program Files\MiKTeX\tex/latex/jknappen\ursfs.fd"
File: ursfs.fd 1998/03/24 rsfs font definition file (jk)
) (text_src/text.tex)
[1


{C:/Users/masterdesky/AppData/Local/MiKTeX/pdftex/config/pdftex.map}]
(main.aux)
Package rerunfilecheck Info: File `main.out' has not changed.
(rerunfilecheck)             Checksum: B6C61800D0C4F20360897BA0DD74519B;93.
Package logreq Info: Writing requests to 'main.run.xml'.
\openout1 = `main.run.xml'.

 ) 
Here is how much of TeX's memory you used:
 21850 strings out of 480236
 362281 string characters out of 2890416
 913217 words of memory out of 3000000
 38121 multiletter control sequences out of 15000+200000
 550184 words of font info for 73 fonts, out of 3000000 for 9000
 1141 hyphenation exceptions out of 8191
 64i,7n,69p,1874b,755s stack positions out of 5000i,500n,10000p,200000b,50000s
 <C:\Users\masterdesky\AppData\Local\MiKTeX\fonts/pk/ljfour/jknappen/ec/dpi60
0\ecti1200.pk> <C:\Users\masterdesky\AppData\Local\MiKTeX\fonts/pk/ljfour/jknap
pen/ec/dpi600\ecrm1200.pk> <C:\Users\masterdesky\AppData\Local\MiKTeX\fonts/pk/
ljfour/jknappen/ec/dpi600\ecbx1728.pk> <C:\Users\masterdesky\AppData\Local\MiKT
eX\fonts/pk/ljfour/jknappen/ec/dpi600\ecrm1440.pk> <C:\Users\masterdesky\AppDat
a\Local\MiKTeX\fonts/pk/ljfour/jknappen/ec/dpi600\ecrm1728.pk> <C:\Users\master
desky\AppData\Local\MiKTeX\fonts/pk/ljfour/jknappen/ec/dpi600\ecbx1440.pk> <C:\
Users\masterdesky\AppData\Local\MiKTeX\fonts/pk/ljfour/jknappen/ec/dpi600\ecbx1
200.pk><C:/Program Files/MiKTeX/fonts/type1/public/amsfonts/cm/cmr12.pfb>
Output written on main.pdf (1 page, 65428 bytes).
PDF statistics:
 192 PDF objects out of 1000 (max. 8388607)
 3 named destinations out of 1000 (max. 500000)
 9 words of extra memory for PDF output out of 10000 (max. 10000000)

